
========================================
  UMI-OS Comprehensive Renode Tests
========================================

--- Task Creation Tests ---
[PASS] create_task returns valid id
[PASS] get_task_name not null
[PASS] task priority correct
[PASS] delete_task succeeds
[PASS] delete invalid task fails

--- Notification Tests ---
[PASS] notification delivered
[PASS] notification cleared after wait

--- Timer Tests ---
[PASS] timer scheduled
[PASS] timer not fired early
[PASS] timer fired at deadline

--- SpscQueue Tests ---
[PASS] queue starts empty
[PASS] queue has space initially
[PASS] push 1
[PASS] push 2
[PASS] push 3
[PASS] push fails when full
[PASS] pop 1
[PASS] pop 2
[PASS] pop 3
[PASS] pop empty fails

--- Result/Expected Tests ---
[PASS] Ok has value
[PASS] Ok value correct
[PASS] Err has no value
[PASS] Err code correct

--- Priority Scheduling Tests ---
[PASS] realtime task selected first

--- Stack Monitor Tests ---
[PASS] stack initially 0% used
[PASS] stack usage detected

--- for_each_task Tests ---
[PASS] for_each_task iterates tasks

--- Vector Table Tests ---
[PASS] table base non-zero
[PASS] table properly aligned
[PASS] handler not null
[PASS] handler set correctly
[PASS] IRQ handler set

--- New API: Types Tests ---
[PASS] sample_t works
[PASS] default sample rate
[PASS] default block size
[PASS] id types work

--- New API: Time Tests ---
[PASS] ms_to_samples(1.0, 48000)
[PASS] samples_to_ms(48000, 48000)
[PASS] bpm_to_samples_per_beat(120, 48000)

--- New API: Event Tests ---
[PASS] event type is Midi
[PASS] note is 60
[PASS] velocity is 100
[PASS] is_note_on() works
[PASS] queue starts empty
[PASS] push succeeds
[PASS] queue not empty after push
[PASS] pop returns true
[PASS] popped note correct
[PASS] queue empty after pop

--- New API: AudioContext Tests ---
[PASS] sample_rate
[PASS] buffer_size
[PASS] context has buffer_size
[PASS] context has 2 inputs

--- New API: Processor Concept Tests ---
[PASS] ProcessorLike duck typing works

--- New API: TripleBuffer Tests ---
[PASS] write_buffer and publish work
[PASS] has_new_data returns true
[PASS] reader sees written value
[PASS] has_new_data returns false after update

========================================
  Test Summary
========================================
Total:  59
Passed: 59
Failed: 0

*** ALL TESTS PASSED ***
TEST_COMPLETE
